<?xml version="1.0" encoding="UTF-8"?>
<testng-results skipped="0" failed="0" ignored="0" total="1" passed="1">
  <reporter-output>
  </reporter-output>
  <suite name="Default suite" duration-ms="36451" started-at="2022-03-26T23:24:40 IST" finished-at="2022-03-26T23:25:16 IST">
    <groups>
    </groups>
    <test name="Default test" duration-ms="36451" started-at="2022-03-26T23:24:40 IST" finished-at="2022-03-26T23:25:16 IST">
      <class name="com.JDBC.VtigercrmTest">
        <test-method status="PASS" signature="vtiger()[pri:0, instance:com.JDBC.VtigercrmTest@fad74ee]" name="vtiger" duration-ms="36390" started-at="2022-03-26T23:24:40 IST" finished-at="2022-03-26T23:25:16 IST">
          <reporter-output>
          </reporter-output>
        </test-method> <!-- vtiger -->
      </class> <!-- com.JDBC.VtigercrmTest -->
    </test> <!-- Default test -->
  </suite> <!-- Default suite -->
</testng-results>
